c:\users\hugo ninanya\documents\github\hninanya\mpm2dusf\usf2d\usf2d\debug\vc141.pdb
c:\users\hugo ninanya\documents\github\hninanya\mpm2dusf\usf2d\usf2d\debug\vc141.idb
c:\users\hugo ninanya\documents\github\hninanya\mpm2dusf\usf2d\usf2d\debug\basisfunc.obj
c:\users\hugo ninanya\documents\github\hninanya\mpm2dusf\usf2d\usf2d\debug\explicit.obj
c:\users\hugo ninanya\documents\github\hninanya\mpm2dusf\usf2d\usf2d\debug\inoufiles.obj
c:\users\hugo ninanya\documents\github\hninanya\mpm2dusf\usf2d\usf2d\debug\main.obj
c:\users\hugo ninanya\documents\github\hninanya\mpm2dusf\usf2d\usf2d\debug\material.obj
c:\users\hugo ninanya\documents\github\hninanya\mpm2dusf\usf2d\usf2d\debug\mesh.obj
c:\users\hugo ninanya\documents\github\hninanya\mpm2dusf\usf2d\usf2d\debug\newton.obj
c:\users\hugo ninanya\documents\github\hninanya\mpm2dusf\usf2d\usf2d\debug\notes.obj
c:\users\hugo ninanya\documents\github\hninanya\mpm2dusf\usf2d\usf2d\debug\readfile.obj
c:\users\hugo ninanya\documents\github\hninanya\mpm2dusf\usf2d\debug\usf2d.exe
c:\users\hugo ninanya\documents\github\hninanya\mpm2dusf\usf2d\debug\usf2d.ilk
c:\users\hugo ninanya\documents\github\hninanya\mpm2dusf\usf2d\debug\usf2d.pdb
c:\users\hugo ninanya\documents\github\hninanya\mpm2dusf\usf2d\usf2d\debug\usf2d.tlog\cl.command.1.tlog
c:\users\hugo ninanya\documents\github\hninanya\mpm2dusf\usf2d\usf2d\debug\usf2d.tlog\cl.read.1.tlog
c:\users\hugo ninanya\documents\github\hninanya\mpm2dusf\usf2d\usf2d\debug\usf2d.tlog\cl.write.1.tlog
c:\users\hugo ninanya\documents\github\hninanya\mpm2dusf\usf2d\usf2d\debug\usf2d.tlog\link.command.1.tlog
c:\users\hugo ninanya\documents\github\hninanya\mpm2dusf\usf2d\usf2d\debug\usf2d.tlog\link.read.1.tlog
c:\users\hugo ninanya\documents\github\hninanya\mpm2dusf\usf2d\usf2d\debug\usf2d.tlog\link.write.1.tlog
